This file contains any messages produced by compilers while
running configure, to aid debugging if configure makes a mistake.

It was created by configure, which was
generated by GNU Autoconf 2.67.  Invocation command line was

  $ ./configure --cache-file=/home/sungyism/downloads/ganglia-3.4.0/config.cache

## --------- ##
## Platform. ##
## --------- ##

hostname = yw-jiangmeng
uname -m = i686
uname -r = 3.5.0-18-generic
uname -s = Linux
uname -v = #29-Ubuntu SMP Fri Oct 19 10:27:31 UTC 2012

/usr/bin/uname -p = unknown
/bin/uname -X     = unknown

/bin/arch              = unknown
/usr/bin/arch -k       = unknown
/usr/convex/getsysinfo = unknown
/usr/bin/hostinfo      = unknown
/bin/machine           = unknown
/usr/bin/oslevel       = unknown
/bin/universe          = unknown

PATH: /usr/local/sbin
PATH: /usr/local/bin
PATH: /usr/sbin
PATH: /usr/bin
PATH: /sbin
PATH: /bin


## ----------- ##
## Core tests. ##
## ----------- ##

configure:2269: loading cache /home/sungyism/downloads/ganglia-3.4.0/config.cache
configure:2398: checking for a BSD-compatible install
configure:2466: result: /usr/bin/install -c
configure:2477: checking whether build environment is sane
configure:2527: result: yes
configure:2668: checking for a thread-safe mkdir -p
configure:2707: result: /bin/mkdir -p
configure:2720: checking for gawk
configure:2747: result: mawk
configure:2758: checking whether make sets $(MAKE)
configure:2780: result: yes
configure:2865: checking build system type
configure:2879: result: i686-pc-linux-gnu
configure:2899: checking host system type
configure:2912: result: i686-pc-linux-gnu
configure:2982: checking for gcc
configure:3009: result: gcc
configure:3238: checking for C compiler version
configure:3247: gcc --version >&5
gcc (Ubuntu/Linaro 4.7.2-2ubuntu1) 4.7.2
Copyright (C) 2012 Free Software Foundation, Inc.
This is free software; see the source for copying conditions.  There is NO
warranty; not even for MERCHANTABILITY or FITNESS FOR A PARTICULAR PURPOSE.

configure:3258: $? = 0
configure:3247: gcc -v >&5
Using built-in specs.
COLLECT_GCC=gcc
COLLECT_LTO_WRAPPER=/usr/lib/gcc/i686-linux-gnu/4.7/lto-wrapper
Target: i686-linux-gnu
Configured with: ../src/configure -v --with-pkgversion='Ubuntu/Linaro 4.7.2-2ubuntu1' --with-bugurl=file:///usr/share/doc/gcc-4.7/README.Bugs --enable-languages=c,c++,go,fortran,objc,obj-c++ --prefix=/usr --program-suffix=-4.7 --enable-shared --enable-linker-build-id --with-system-zlib --libexecdir=/usr/lib --without-included-gettext --enable-threads=posix --with-gxx-include-dir=/usr/include/c++/4.7 --libdir=/usr/lib --enable-nls --with-sysroot=/ --enable-clocale=gnu --enable-libstdcxx-debug --enable-libstdcxx-time=yes --enable-gnu-unique-object --enable-plugin --enable-objc-gc --enable-targets=all --disable-werror --with-arch-32=i686 --with-tune=generic --enable-checking=release --build=i686-linux-gnu --host=i686-linux-gnu --target=i686-linux-gnu
Thread model: posix
gcc version 4.7.2 (Ubuntu/Linaro 4.7.2-2ubuntu1) 
configure:3258: $? = 0
configure:3247: gcc -V >&5
gcc: error: unrecognized command line option '-V'
gcc: fatal error: no input files
compilation terminated.
configure:3258: $? = 4
configure:3247: gcc -qversion >&5
gcc: error: unrecognized command line option '-qversion'
gcc: fatal error: no input files
compilation terminated.
configure:3258: $? = 4
configure:3278: checking whether the C compiler works
configure:3300: gcc    conftest.c  >&5
configure:3304: $? = 0
configure:3352: result: yes
configure:3355: checking for C compiler default output file name
configure:3357: result: a.out
configure:3363: checking for suffix of executables
configure:3370: gcc -o conftest    conftest.c  >&5
configure:3374: $? = 0
configure:3396: result: 
configure:3418: checking whether we are cross compiling
configure:3426: gcc -o conftest    conftest.c  >&5
configure:3430: $? = 0
configure:3437: ./conftest
configure:3441: $? = 0
configure:3456: result: no
configure:3461: checking for suffix of object files
configure:3508: result: o
configure:3512: checking whether we are using the GNU C compiler
configure:3540: result: yes
configure:3549: checking whether gcc accepts -g
configure:3610: result: yes
configure:3627: checking for gcc option to accept ISO C89
configure:3704: result: none needed
configure:3735: checking for style of include used by make
configure:3763: result: GNU
configure:3788: checking dependency style of gcc
configure:3898: result: gcc3
configure:3917: checking for gcc option to accept ISO C99
configure:4086: result: -std=gnu99
configure:4188: checking for gcc -std=gnu99 option to accept ISO Standard C
configure:4202: result: -std=gnu99
configure:4231: checking for a sed that does not truncate output
configure:4295: result: /bin/sed
configure:4313: checking for grep that handles long lines and -e
configure:4371: result: /bin/grep
configure:4376: checking for egrep
configure:4438: result: /bin/grep -E
configure:4443: checking for fgrep
configure:4505: result: /bin/grep -F
configure:4540: checking for ld used by gcc -std=gnu99
configure:4607: result: /usr/bin/ld
configure:4614: checking if the linker (/usr/bin/ld) is GNU ld
configure:4629: result: yes
configure:4641: checking for BSD- or MS-compatible name lister (nm)
configure:4690: result: /usr/bin/nm -B
configure:4808: checking the name lister (/usr/bin/nm -B) interface
configure:4828: result: BSD nm
configure:4831: checking whether ln -s works
configure:4835: result: yes
configure:4843: checking the maximum length of command line arguments
configure:4963: result: 1572864
configure:4980: checking whether the shell understands some XSI constructs
configure:4990: result: yes
configure:4994: checking whether the shell understands "+="
configure:5000: result: yes
configure:5035: checking for /usr/bin/ld option to reload object files
configure:5042: result: -r
configure:5111: checking for objdump
configure:5138: result: objdump
configure:5170: checking how to recognize dependent libraries
configure:5366: result: pass_all
configure:5426: checking for ar
configure:5453: result: ar
configure:5531: checking for strip
configure:5558: result: strip
configure:5630: checking for ranlib
configure:5657: result: ranlib
configure:5747: checking command to parse /usr/bin/nm -B output from gcc -std=gnu99 object
configure:5970: result: ok
configure:6779: checking how to run the C preprocessor
configure:6849: result: gcc -std=gnu99 -E
configure:6869: gcc -std=gnu99 -E  conftest.c
configure:6869: $? = 0
configure:6883: gcc -std=gnu99 -E  conftest.c
conftest.c:11:28: fatal error: ac_nonexistent.h: No such file or directory
compilation terminated.
configure:6883: $? = 1
configure: failed program was:
| /* confdefs.h */
| #define PACKAGE_NAME ""
| #define PACKAGE_TARNAME ""
| #define PACKAGE_VERSION ""
| #define PACKAGE_STRING ""
| #define PACKAGE_BUGREPORT ""
| #define PACKAGE_URL ""
| #define PACKAGE "libmetrics"
| #define VERSION "201212040918"
| /* end confdefs.h.  */
| #include <ac_nonexistent.h>
configure:6912: checking for ANSI C header files
configure:7016: result: yes
configure:7029: checking for sys/types.h
configure:7029: result: yes
configure:7029: checking for sys/stat.h
configure:7029: result: yes
configure:7029: checking for stdlib.h
configure:7029: result: yes
configure:7029: checking for string.h
configure:7029: result: yes
configure:7029: checking for memory.h
configure:7029: result: yes
configure:7029: checking for strings.h
configure:7029: result: yes
configure:7029: checking for inttypes.h
configure:7029: result: yes
configure:7029: checking for stdint.h
configure:7029: result: yes
configure:7029: checking for unistd.h
configure:7029: result: yes
configure:7043: checking for dlfcn.h
configure:7043: result: yes
configure:7227: checking for objdir
configure:7242: result: .libs
configure:7534: checking if gcc -std=gnu99 supports -fno-rtti -fno-exceptions
configure:7569: result: no
configure:7589: checking for gcc -std=gnu99 option to produce PIC
configure:7861: result: -fPIC -DPIC
configure:7873: checking if gcc -std=gnu99 PIC flag -fPIC -DPIC works
configure:7908: result: yes
configure:7932: checking if gcc -std=gnu99 static flag -static works
configure:7960: result: yes
configure:7975: checking if gcc -std=gnu99 supports -c -o file.o
configure:8022: result: yes
configure:8030: checking if gcc -std=gnu99 supports -c -o file.o
configure:8077: result: yes
configure:8110: checking whether the gcc -std=gnu99 linker (/usr/bin/ld) supports shared libraries
configure:9101: result: yes
configure:9138: checking whether -lc should be explicitly linked in
configure:9143: gcc -std=gnu99 -c -g -O2  conftest.c >&5
configure:9146: $? = 0
configure:9161: gcc -std=gnu99 -shared conftest.o  -v -Wl,-soname -Wl,conftest -o conftest 2\>\&1 \| /bin/grep  -lc  \>/dev/null 2\>\&1
configure:9164: $? = 0
configure:9176: result: no
configure:9340: checking dynamic linker characteristics
configure:9773: gcc -std=gnu99 -o conftest -g -O2   -Wl,-rpath -Wl,/foo conftest.c  >&5
configure:9773: $? = 0
configure:10003: result: GNU/Linux ld.so
configure:10105: checking how to hardcode library paths into programs
configure:10130: result: immediate
configure:10650: checking whether stripping libraries is possible
configure:10655: result: yes
configure:10690: checking if libtool supports shared libraries
configure:10692: result: yes
configure:10695: checking whether to build shared libraries
configure:10716: result: yes
configure:10719: checking whether to build static libraries
configure:10723: result: yes
configure:10760: checking for kinfo_get_cpus in -lkinfo
configure:10794: result: no
configure:10805: checking for kstat_open in -lkstat
configure:10839: result: no
configure:10850: checking for kvm_open in -lkvm
configure:10884: result: no
configure:10895: checking for odm_initialize in -lodm
configure:10929: result: no
configure:10940: checking for _system_configuration in -lcfg
configure:10974: result: no
configure:10985: checking for perfstat_cpu_total in -lperfstat
configure:11019: result: no
configure:11030: checking for main in -lsocket
configure:11058: result: no
configure:11070: checking for main in -lresolv
configure:11098: result: yes
configure:11110: checking for main in -lnsl
configure:11138: result: yes
configure:11155: checking for dirent.h that defines DIR
configure:11182: result: yes
configure:11195: checking for library containing opendir
configure:11243: result: none required
configure:11310: checking for ANSI C header files
configure:11414: result: yes
configure:11425: checking for fcntl.h
configure:11425: result: yes
configure:11425: checking for inttypes.h
configure:11425: result: yes
configure:11425: checking for limits.h
configure:11425: result: yes
configure:11425: checking for nlist.h
configure:11425: result: no
configure:11425: checking for paths.h
configure:11425: result: yes
configure:11425: checking for stdlib.h
configure:11425: result: yes
configure:11425: checking for strings.h
configure:11425: result: yes
configure:11425: checking for sys/filsys.h
configure:11425: result: no
configure:11425: checking for sys/fs/s5param.h
configure:11425: result: no
configure:11425: checking for sys/mount.h
configure:11425: result: yes
configure:11425: checking for sys/param.h
configure:11425: result: yes
configure:11425: checking for sys/socket.h
configure:11425: result: yes
configure:11425: checking for sys/statfs.h
configure:11425: result: yes
configure:11425: checking for sys/statvfs.h
configure:11425: result: yes
configure:11425: checking for sys/systeminfo.h
configure:11425: result: no
configure:11425: checking for sys/time.h
configure:11425: result: yes
configure:11425: checking for sys/vfs.h
configure:11425: result: yes
configure:11425: checking for unistd.h
configure:11425: result: yes
configure:11425: checking for utmp.h
configure:11425: result: yes
configure:11425: checking for sys/sockio.h
configure:11425: result: no
configure:11438: checking if sockaddr{} has sa_len member
configure:11463: result: no
configure:11471: checking for an ANSI C-conforming const
configure:11543: result: yes
configure:11551: checking for off_t
configure:11551: result: yes
configure:11562: checking for pid_t
configure:11562: result: yes
configure:11573: checking for size_t
configure:11573: result: yes
configure:11584: checking whether time.h and sys/time.h may both be included
configure:11611: result: yes
configure:11620: checking if uchar_t defined
configure:11720: result: no
configure:11728: checking if int8_t defined
configure:11828: result: yes
configure:11836: checking if uint8_t defined
configure:11936: result: yes
configure:11944: checking if int16_t defined
configure:12044: result: yes
configure:12052: checking if uint16_t defined
configure:12152: result: yes
configure:12160: checking if int32_t defined
configure:12260: result: yes
configure:12268: checking if uint32_t defined
configure:12368: result: yes
configure:12376: checking if size_t defined
configure:12476: result: yes
configure:12484: checking if ssize_t defined
configure:12584: result: yes
configure:12592: checking if socklen_t defined
configure:12692: result: yes
configure:12702: checking whether closedir returns void
configure:12736: result: no
configure:12745: checking whether gcc -std=gnu99 needs -traditional
configure:12779: result: no
configure:12788: checking for stdlib.h
configure:12788: result: yes
configure:12798: checking for GNU libc compatible malloc
configure:12832: result: yes
configure:12855: checking for stdlib.h
configure:12855: result: yes
configure:12865: checking for GNU libc compatible realloc
configure:12899: result: yes
configure:12920: checking whether lstat correctly handles trailing slash
configure:12963: result: yes
configure:12982: checking whether stat accepts an empty string
configure:13012: result: no
configure:13028: checking for working strtod
configure:13079: result: yes
configure:13144: checking for getmntinfo
configure:13144: result: no
configure:13144: checking for getpagesize
configure:13144: result: yes
configure:13144: checking for gettimeofday
configure:13144: result: yes
configure:13144: checking for memset
configure:13144: result: yes
configure:13144: checking for pstat_getdynamic
configure:13144: result: no
configure:13144: checking for strchr
configure:13144: result: yes
configure:13144: checking for strdup
configure:13144: result: yes
configure:13144: checking for strndup
configure:13144: result: yes
configure:13144: checking for strpbrk
configure:13144: result: yes
configure:13144: checking for strstr
configure:13144: result: yes
configure:13144: checking for strtol
configure:13144: result: yes
configure:13144: checking for sysinfo
configure:13144: result: yes
configure:13144: checking for uname
configure:13144: result: yes
configure:13144: checking for vsnprintf
configure:13144: result: yes
configure:13144: checking for strlcat
configure:13144: result: no
configure:13375: creating ./config.status

## ---------------------- ##
## Running config.status. ##
## ---------------------- ##

This file was extended by config.status, which was
generated by GNU Autoconf 2.67.  Invocation command line was

  CONFIG_FILES    = 
  CONFIG_HEADERS  = 
  CONFIG_LINKS    = 
  CONFIG_COMMANDS = 
  $ ./config.status 

on yw-jiangmeng

config.status:1124: creating Makefile
config.status:1124: creating tests/Makefile
config.status:1124: creating aix/Makefile
config.status:1124: creating cygwin/Makefile
config.status:1124: creating darwin/Makefile
config.status:1124: creating dragonfly/Makefile
config.status:1124: creating freebsd/Makefile
config.status:1124: creating hpux/Makefile
config.status:1124: creating irix/Makefile
config.status:1124: creating linux/Makefile
config.status:1124: creating mingw/Makefile
config.status:1124: creating netbsd/Makefile
config.status:1124: creating openbsd/Makefile
config.status:1124: creating osf/Makefile
config.status:1124: creating solaris/Makefile
config.status:1124: creating config.h
config.status:1352: executing depfiles commands
config.status:1352: executing libtool commands

## ---------------- ##
## Cache variables. ##
## ---------------- ##

ac_cv_build=i686-pc-linux-gnu
ac_cv_c_compiler_gnu=yes
ac_cv_c_const=yes
ac_cv_env_CC_set=
ac_cv_env_CC_value=
ac_cv_env_CFLAGS_set=
ac_cv_env_CFLAGS_value=
ac_cv_env_CPPFLAGS_set=
ac_cv_env_CPPFLAGS_value=
ac_cv_env_CPP_set=
ac_cv_env_CPP_value=
ac_cv_env_LDFLAGS_set=
ac_cv_env_LDFLAGS_value=
ac_cv_env_LIBS_set=
ac_cv_env_LIBS_value=
ac_cv_env_build_alias_set=
ac_cv_env_build_alias_value=
ac_cv_env_host_alias_set=
ac_cv_env_host_alias_value=
ac_cv_env_target_alias_set=
ac_cv_env_target_alias_value=
ac_cv_func_closedir_void=no
ac_cv_func_getmntinfo=no
ac_cv_func_getpagesize=yes
ac_cv_func_gettimeofday=yes
ac_cv_func_lstat_dereferences_slashed_symlink=yes
ac_cv_func_malloc_0_nonnull=yes
ac_cv_func_memset=yes
ac_cv_func_pstat_getdynamic=no
ac_cv_func_realloc_0_nonnull=yes
ac_cv_func_stat_empty_string_bug=no
ac_cv_func_strchr=yes
ac_cv_func_strdup=yes
ac_cv_func_strlcat=no
ac_cv_func_strndup=yes
ac_cv_func_strpbrk=yes
ac_cv_func_strstr=yes
ac_cv_func_strtod=yes
ac_cv_func_strtol=yes
ac_cv_func_sysinfo=yes
ac_cv_func_uname=yes
ac_cv_func_vsnprintf=yes
ac_cv_header_dirent_dirent_h=yes
ac_cv_header_dlfcn_h=yes
ac_cv_header_fcntl_h=yes
ac_cv_header_inttypes_h=yes
ac_cv_header_limits_h=yes
ac_cv_header_memory_h=yes
ac_cv_header_nlist_h=no
ac_cv_header_paths_h=yes
ac_cv_header_stdc=yes
ac_cv_header_stdint_h=yes
ac_cv_header_stdlib_h=yes
ac_cv_header_string_h=yes
ac_cv_header_strings_h=yes
ac_cv_header_sys_filsys_h=no
ac_cv_header_sys_fs_s5param_h=no
ac_cv_header_sys_mount_h=yes
ac_cv_header_sys_param_h=yes
ac_cv_header_sys_socket_h=yes
ac_cv_header_sys_sockio_h=no
ac_cv_header_sys_stat_h=yes
ac_cv_header_sys_statfs_h=yes
ac_cv_header_sys_statvfs_h=yes
ac_cv_header_sys_systeminfo_h=no
ac_cv_header_sys_time_h=yes
ac_cv_header_sys_types_h=yes
ac_cv_header_sys_vfs_h=yes
ac_cv_header_time=yes
ac_cv_header_unistd_h=yes
ac_cv_header_utmp_h=yes
ac_cv_host=i686-pc-linux-gnu
ac_cv_lib_cfg__system_configuration=no
ac_cv_lib_kinfo_kinfo_get_cpus=no
ac_cv_lib_kstat_kstat_open=no
ac_cv_lib_kvm_kvm_open=no
ac_cv_lib_nsl=ac_cv_lib_nsl_main
ac_cv_lib_nsl_main=yes
ac_cv_lib_odm_odm_initialize=no
ac_cv_lib_perfstat_perfstat_cpu_total=no
ac_cv_lib_resolv=ac_cv_lib_resolv_main
ac_cv_lib_resolv_main=yes
ac_cv_lib_socket=ac_cv_lib_socket_main
ac_cv_lib_socket_main=no
ac_cv_objext=o
ac_cv_path_EGREP='/bin/grep -E'
ac_cv_path_FGREP='/bin/grep -F'
ac_cv_path_GREP=/bin/grep
ac_cv_path_SED=/bin/sed
ac_cv_path_install='/usr/bin/install -c'
ac_cv_path_mkdir=/bin/mkdir
ac_cv_prog_AWK=mawk
ac_cv_prog_CPP='gcc -std=gnu99 -E'
ac_cv_prog_ac_ct_AR=ar
ac_cv_prog_ac_ct_CC=gcc
ac_cv_prog_ac_ct_OBJDUMP=objdump
ac_cv_prog_ac_ct_RANLIB=ranlib
ac_cv_prog_ac_ct_STRIP=strip
ac_cv_prog_cc_c89=
ac_cv_prog_cc_c99=-std=gnu99
ac_cv_prog_cc_g=yes
ac_cv_prog_cc_stdc=-std=gnu99
ac_cv_prog_gcc_traditional=no
ac_cv_prog_make_make_set=yes
ac_cv_search_opendir='none required'
ac_cv_sockaddr_has_sa_len=no
ac_cv_type_int16_t=yes
ac_cv_type_int32_t=yes
ac_cv_type_int8_t=yes
ac_cv_type_off_t=yes
ac_cv_type_pid_t=yes
ac_cv_type_size_t=yes
ac_cv_type_socklen_t=yes
ac_cv_type_ssize_t=yes
ac_cv_type_uchar_t=no
ac_cv_type_uint16_t=yes
ac_cv_type_uint32_t=yes
ac_cv_type_uint8_t=yes
am_cv_CC_dependencies_compiler_type=gcc3
lt_cv_deplibs_check_method=pass_all
lt_cv_file_magic_cmd='$MAGIC_CMD'
lt_cv_file_magic_test_file=
lt_cv_ld_reload_flag=-r
lt_cv_nm_interface='BSD nm'
lt_cv_objdir=.libs
lt_cv_path_LD=/usr/bin/ld
lt_cv_path_NM='/usr/bin/nm -B'
lt_cv_prog_compiler_c_o=yes
lt_cv_prog_compiler_pic_works=yes
lt_cv_prog_compiler_rtti_exceptions=no
lt_cv_prog_compiler_static_works=yes
lt_cv_prog_gnu_ld=yes
lt_cv_sys_global_symbol_pipe='sed -n -e '\''s/^.*[	 ]\([ABCDGIRSTW][ABCDGIRSTW]*\)[	 ][	 ]*\([_A-Za-z][_A-Za-z0-9]*\)$/\1 \2 \2/p'\'''
lt_cv_sys_global_symbol_to_c_name_address='sed -n -e '\''s/^: \([^ ]*\) $/  {\"\1\", (void *) 0},/p'\'' -e '\''s/^[ABCDGIRSTW]* \([^ ]*\) \([^ ]*\)$/  {"\2", (void *) \&\2},/p'\'''
lt_cv_sys_global_symbol_to_c_name_address_lib_prefix='sed -n -e '\''s/^: \([^ ]*\) $/  {\"\1\", (void *) 0},/p'\'' -e '\''s/^[ABCDGIRSTW]* \([^ ]*\) \(lib[^ ]*\)$/  {"\2", (void *) \&\2},/p'\'' -e '\''s/^[ABCDGIRSTW]* \([^ ]*\) \([^ ]*\)$/  {"lib\2", (void *) \&\2},/p'\'''
lt_cv_sys_global_symbol_to_cdecl='sed -n -e '\''s/^T .* \(.*\)$/extern int \1();/p'\'' -e '\''s/^[ABCDGIRSTW]* .* \(.*\)$/extern char \1;/p'\'''
lt_cv_sys_max_cmd_len=1572864

## ----------------- ##
## Output variables. ##
## ----------------- ##

ACLOCAL='${SHELL} /home/sungyism/downloads/ganglia-3.4.0/libmetrics/build/missing --run aclocal-1.11'
AMDEPBACKSLASH='\'
AMDEP_FALSE='#'
AMDEP_TRUE=''
AMTAR='${SHELL} /home/sungyism/downloads/ganglia-3.4.0/libmetrics/build/missing --run tar'
AR='ar'
AUTOCONF='${SHELL} /home/sungyism/downloads/ganglia-3.4.0/libmetrics/build/missing --run autoconf'
AUTOHEADER='${SHELL} /home/sungyism/downloads/ganglia-3.4.0/libmetrics/build/missing --run autoheader'
AUTOMAKE='${SHELL} /home/sungyism/downloads/ganglia-3.4.0/libmetrics/build/missing --run automake-1.11'
AWK='mawk'
CC='gcc -std=gnu99'
CCDEPMODE='depmode=gcc3'
CFLAGS='-g -O2 -Wall'
CPP='gcc -std=gnu99 -E'
CPPFLAGS=''
CYGPATH_W='echo'
DEFS='-DHAVE_CONFIG_H'
DEPDIR='.deps'
DSYMUTIL=''
DUMPBIN=''
ECHO_C=''
ECHO_N='-n'
ECHO_T=''
EGREP='/bin/grep -E'
EXEEXT=''
FGREP='/bin/grep -F'
GREP='/bin/grep'
INSTALL_DATA='${INSTALL} -m 644'
INSTALL_PROGRAM='${INSTALL}'
INSTALL_SCRIPT='${INSTALL}'
INSTALL_STRIP_PROGRAM='$(install_sh) -c -s'
LD='/usr/bin/ld'
LDFLAGS=''
LIBOBJS=''
LIBS='-lnsl -lresolv '
LIBTOOL='$(SHELL) $(top_builddir)/libtool'
LIPO=''
LN_S='ln -s'
LTLIBOBJS=''
MAKEINFO='${SHELL} /home/sungyism/downloads/ganglia-3.4.0/libmetrics/build/missing --run makeinfo'
MKDIR_P='/bin/mkdir -p'
NM='/usr/bin/nm -B'
NMEDIT=''
OBJDUMP='objdump'
OBJEXT='o'
OS='linux'
OTOOL64=''
OTOOL=''
PACKAGE='libmetrics'
PACKAGE_BUGREPORT=''
PACKAGE_NAME=''
PACKAGE_STRING=''
PACKAGE_TARNAME=''
PACKAGE_URL=''
PACKAGE_VERSION=''
PATH_SEPARATOR=':'
POW_LIB=''
RANLIB='ranlib'
SED='/bin/sed'
SET_MAKE=''
SHELL='/bin/bash'
STRIP='strip'
VERSION='201212040918'
ac_ct_CC='gcc'
ac_ct_DUMPBIN=''
am__EXEEXT_FALSE=''
am__EXEEXT_TRUE='#'
am__fastdepCC_FALSE='#'
am__fastdepCC_TRUE=''
am__include='include'
am__isrc=''
am__leading_dot='.'
am__quote=''
am__tar='${AMTAR} chof - "$$tardir"'
am__untar='${AMTAR} xf -'
bindir='${exec_prefix}/bin'
build='i686-pc-linux-gnu'
build_alias=''
build_cpu='i686'
build_os='linux-gnu'
build_vendor='pc'
datadir='${datarootdir}'
datarootdir='${prefix}/share'
docdir='${datarootdir}/doc/${PACKAGE}'
dvidir='${docdir}'
exec_prefix='${prefix}'
host='i686-pc-linux-gnu'
host_alias=''
host_cpu='i686'
host_os='linux-gnu'
host_vendor='pc'
htmldir='${docdir}'
includedir='${prefix}/include'
infodir='${datarootdir}/info'
install_sh='${SHELL} /home/sungyism/downloads/ganglia-3.4.0/libmetrics/build/install-sh'
libdir='${exec_prefix}/lib'
libexecdir='${exec_prefix}/libexec'
localedir='${datarootdir}/locale'
localstatedir='${prefix}/var'
lt_ECHO='echo'
mandir='${datarootdir}/man'
mkdir_p='/bin/mkdir -p'
oldincludedir='/usr/include'
pdfdir='${docdir}'
prefix='/usr/local'
program_transform_name='s,x,x,'
psdir='${docdir}'
sbindir='${exec_prefix}/sbin'
sharedstatedir='${prefix}/com'
sysconfdir='${prefix}/etc'
target_alias=''

## ----------- ##
## confdefs.h. ##
## ----------- ##

/* confdefs.h */
#define PACKAGE_NAME ""
#define PACKAGE_TARNAME ""
#define PACKAGE_VERSION ""
#define PACKAGE_STRING ""
#define PACKAGE_BUGREPORT ""
#define PACKAGE_URL ""
#define PACKAGE "libmetrics"
#define VERSION "201212040918"
#define STDC_HEADERS 1
#define HAVE_SYS_TYPES_H 1
#define HAVE_SYS_STAT_H 1
#define HAVE_STDLIB_H 1
#define HAVE_STRING_H 1
#define HAVE_MEMORY_H 1
#define HAVE_STRINGS_H 1
#define HAVE_INTTYPES_H 1
#define HAVE_STDINT_H 1
#define HAVE_UNISTD_H 1
#define HAVE_DLFCN_H 1
#define LT_OBJDIR ".libs/"
#define HAVE_LIBRESOLV 1
#define HAVE_LIBNSL 1
#define HAVE_DIRENT_H 1
#define STDC_HEADERS 1
#define HAVE_FCNTL_H 1
#define HAVE_INTTYPES_H 1
#define HAVE_LIMITS_H 1
#define HAVE_PATHS_H 1
#define HAVE_STDLIB_H 1
#define HAVE_STRINGS_H 1
#define HAVE_SYS_MOUNT_H 1
#define HAVE_SYS_PARAM_H 1
#define HAVE_SYS_SOCKET_H 1
#define HAVE_SYS_STATFS_H 1
#define HAVE_SYS_STATVFS_H 1
#define HAVE_SYS_TIME_H 1
#define HAVE_SYS_VFS_H 1
#define HAVE_UNISTD_H 1
#define HAVE_UTMP_H 1
#define TIME_WITH_SYS_TIME 1
#define uchar_t unsigned char
#define HAVE_STDLIB_H 1
#define HAVE_MALLOC 1
#define HAVE_STDLIB_H 1
#define HAVE_REALLOC 1
#define LSTAT_FOLLOWS_SLASHED_SYMLINK 1
#define HAVE_GETPAGESIZE 1
#define HAVE_GETTIMEOFDAY 1
#define HAVE_MEMSET 1
#define HAVE_STRCHR 1
#define HAVE_STRDUP 1
#define HAVE_STRNDUP 1
#define HAVE_STRPBRK 1
#define HAVE_STRSTR 1
#define HAVE_STRTOL 1
#define HAVE_SYSINFO 1
#define HAVE_UNAME 1
#define HAVE_VSNPRINTF 1
#define LINUX 1
#define STAT_STATVFS 1

configure: exit 0
